#
# A fatal error has been detected by the Java Runtime Environment:
#
#  EXCEPTION_ACCESS_VIOLATION (0xc0000005) at pc=0x000000007322c750, pid=4012, tid=1544
#
# JRE version: 6.0_17-b04
# Java VM: Java HotSpot(TM) 64-Bit Server VM (14.3-b01 mixed mode windows-amd64 )
# Problematic frame:
# C  0x000000007322c750
#
# If you would like to submit a bug report, please visit:
#   http://java.sun.com/webapps/bugreport/crash.jsp
# The crash happened outside the Java Virtual Machine in native code.
# See problematic frame for where to report the bug.
#

---------------  T H R E A D  ---------------

Current thread (0x000000005ee3f800):  JavaThread "AWT-EventQueue-0" [_thread_in_native, id=1544, stack(0x000000001d210000,0x000000001d290000)]

siginfo: ExceptionCode=0xc0000005, reading address 0x0000000000000008

Registers:
EAX=0x000000000000000d, EBX=0x000000005ee3f9b8, ECX=0x0000000000000000, EDX=0x000000002601183d
ESP=0x000000001d28df98, EBP=0x00000000594250c0, ESI=0x000000005ee3f9b8, EDI=0x000000005f86c5a0
EIP=0x000000007322c750, EFLAGS=0x0000000000010206

Top of Stack: (sp=0x000000001d28df98)
0x000000001d28df98:   00000000731d589c 0000000000000000
0x000000001d28dfa8:   000000005ee3f9b8 00000000594250c0
0x000000001d28dfb8:   000000005ee3f9b8 0000000180915078
0x000000001d28dfc8:   000000005ee3f9b8 00000001842ae4f8
0x000000001d28dfd8:   00000000731b3810 000000005ee3f9b8
0x000000001d28dfe8:   000000001d28e6b8 000000001d28e730
0x000000001d28dff8:   00000000594250c0 0000000041a2de58
0x000000001d28e008:   00000000731d2151 00000000000000bf
0x000000001d28e018:   000000001d28e728 000000022cfc6578
0x000000001d28e028:   000000001d28e730 000000022cfc7770
0x000000001d28e038:   00000001883b5f00 000000001d28e040
0x000000001d28e048:   00000001804f243c 000000001d28e0b8
0x000000001d28e058:   00000001804f3b40 0000000000000000
0x000000001d28e068:   00000001804f2440 0000000000000000
0x000000001d28e078:   000000001d28e090 000000001d28e100
0x000000001d28e088:   0000000041a25f9c 0000000000000037 

Instructions: (pc=0x000000007322c750)
0x000000007322c740:   48 8b 41 08 48 8b 80 18 0c 00 00 c3 cc cc cc cc
0x000000007322c750:   48 8b 49 08 48 85 c9 74 05 e9 72 f6 fd ff 33 c0 


Stack: [0x000000001d210000,0x000000001d290000],  sp=0x000000001d28df98,  free space=503k
Native frames: (J=compiled Java code, j=interpreted, Vv=VM code, C=native code)
C  0x000000007322c750

Java frames: (J=compiled Java code, j=interpreted, Vv=VM code)
j  sun.java2d.windows.GDIBlitLoops.nativeBlit(Lsun/java2d/SurfaceData;Lsun/java2d/SurfaceData;Lsun/java2d/pipe/Region;IIIIIIIIIZ)V+0
j  sun.java2d.windows.GDIBlitLoops.Blit(Lsun/java2d/SurfaceData;Lsun/java2d/SurfaceData;Ljava/awt/Composite;Lsun/java2d/pipe/Region;IIIIII)V+33
J  sun.java2d.pipe.DrawImage.copyImage(Lsun/java2d/SunGraphics2D;Ljava/awt/Image;IILjava/awt/Color;Ljava/awt/image/ImageObserver;)Z
J  javax.swing.RepaintManager$PaintManager.paintDoubleBuffered(Ljavax/swing/JComponent;Ljava/awt/Image;Ljava/awt/Graphics;IIII)V
J  javax.swing.RepaintManager$PaintManager.paint(Ljavax/swing/JComponent;Ljavax/swing/JComponent;Ljava/awt/Graphics;IIII)Z
J  javax.swing.JComponent.paint(Ljava/awt/Graphics;)V
j  java.awt.GraphicsCallback$PaintCallback.run(Ljava/awt/Component;Ljava/awt/Graphics;)V+2
j  sun.awt.SunGraphicsCallback.runOneComponent(Ljava/awt/Component;Ljava/awt/Rectangle;Ljava/awt/Graphics;Ljava/awt/Shape;I)V+155
j  sun.awt.SunGraphicsCallback.runComponents([Ljava/awt/Component;Ljava/awt/Graphics;I)V+104
j  java.awt.Container.paint(Ljava/awt/Graphics;)V+73
J  javax.swing.RepaintManager.paintDirtyRegions(Ljava/util/Map;)V
j  javax.swing.RepaintManager.paintDirtyRegions()V+46
j  javax.swing.RepaintManager.seqPaintDirtyRegions()V+73
j  javax.swing.SystemEventQueueUtilities$ComponentWorkRequest.run()V+36
J  java.awt.EventDispatchThread.pumpOneEventForFilters(I)Z
J  java.awt.EventDispatchThread.pumpEventsForFilter(ILjava/awt/Conditional;Ljava/awt/EventFilter;)V
j  java.awt.EventDispatchThread.pumpEventsForHierarchy(ILjava/awt/Conditional;Ljava/awt/Component;)V+11
j  java.awt.EventDispatchThread.pumpEvents(ILjava/awt/Conditional;)V+4
j  java.awt.EventDispatchThread.pumpEvents(Ljava/awt/Conditional;)V+3
j  java.awt.EventDispatchThread.run()V+9
v  ~StubRoutines::call_stub

---------------  P R O C E S S  ---------------

Java Threads: ( => current thread )
  0x000000005ee4f800 JavaThread "Explorer NavigationContext request queue" [_thread_blocked, id=5968, stack(0x0000000041930000,0x00000000419b0000)]
  0x000000005ee50800 JavaThread "Code Analyzer updating thread" [_thread_blocked, id=3772, stack(0x00000000315c0000,0x0000000031640000)]
  0x000000005ee48800 JavaThread "Code Analyzer updating thread" [_thread_blocked, id=1292, stack(0x000000001bb80000,0x000000001bc00000)]
  0x000000005ee51000 JavaThread "Code Analyzer updating thread" [_thread_blocked, id=7352, stack(0x0000000031460000,0x00000000314e0000)]
  0x000000005ee4c000 JavaThread "pool-7-thread-1" [_thread_blocked, id=2496, stack(0x0000000026420000,0x00000000264a0000)]
  0x000000005ee4f000 JavaThread "Code Analyzer updating thread" [_thread_blocked, id=2356, stack(0x0000000026360000,0x00000000263e0000)]
  0x000000005ee46800 JavaThread "Code Analyzer updating thread" [_thread_blocked, id=7036, stack(0x0000000009900000,0x0000000009980000)]
  0x000000005ee4d000 JavaThread "Code Analyzer updating thread" [_thread_blocked, id=3996, stack(0x0000000018540000,0x00000000185c0000)]
  0x000000005ee45000 JavaThread "Swing-Shell" daemon [_thread_blocked, id=5192, stack(0x000000001b920000,0x000000001b9a0000)]
  0x000000005ee45800 JavaThread "Foxtrot Single Worker Thread #1" daemon [_thread_blocked, id=8728, stack(0x00000000184a0000,0x0000000018520000)]
  0x000000005ee44000 JavaThread "Prefs Updater" daemon [_thread_blocked, id=8980, stack(0x0000000009060000,0x00000000090e0000)]
  0x000000005ee4b800 JavaThread "Active Reference Queue Daemon" daemon [_thread_blocked, id=9092, stack(0x00000000596d0000,0x0000000059750000)]
  0x000000005ee4a800 JavaThread "Timer-5" daemon [_thread_blocked, id=1828, stack(0x0000000059940000,0x00000000599c0000)]
  0x000000005ee4a000 JavaThread "Timer-4" daemon [_thread_blocked, id=6888, stack(0x0000000059800000,0x0000000059880000)]
  0x000000005ee47800 JavaThread "AddressBar directory emptiness poller" [_thread_blocked, id=7484, stack(0x00000000357f0000,0x0000000035870000)]
  0x000000005ee47000 JavaThread "Explorer Refresh Service 787220834" [_thread_blocked, id=2020, stack(0x00000000213d0000,0x0000000021450000)]
  0x000000005ee43800 JavaThread "TimerQueue" daemon [_thread_blocked, id=8064, stack(0x00000000294d0000,0x0000000029550000)]
  0x000000005ee42800 JavaThread "Thread-5" daemon [_thread_blocked, id=7372, stack(0x000000000fed0000,0x000000000ff50000)]
  0x000000005ee42000 JavaThread "FelixPackageAdmin" daemon [_thread_blocked, id=8224, stack(0x0000000035770000,0x00000000357f0000)]
  0x000000005f11b800 JavaThread "FelixStartLevel" daemon [_thread_blocked, id=2476, stack(0x0000000029550000,0x00000000295d0000)]
  0x000000005ee32800 JavaThread "FelixDispatchQueue" daemon [_thread_blocked, id=5312, stack(0x000000001d2b0000,0x000000001d330000)]
=>0x000000005ee3f800 JavaThread "AWT-EventQueue-0" [_thread_in_native, id=1544, stack(0x000000001d210000,0x000000001d290000)]
  0x000000005edad800 JavaThread "com.google.common.base.internal.Finalizer" daemon [_thread_blocked, id=5084, stack(0x000000000faf0000,0x000000000fb70000)]
  0x000000005ed25000 JavaThread "AWT-Windows" daemon [_thread_in_native, id=8140, stack(0x0000000015040000,0x00000000150c0000)]
  0x000000005ec53000 JavaThread "AWT-Shutdown" [_thread_blocked, id=3120, stack(0x0000000010e80000,0x0000000010f00000)]
  0x000000005ed8d800 JavaThread "Java2D Disposer" daemon [_thread_blocked, id=9008, stack(0x000000000ff50000,0x000000000ffd0000)]
  0x000000005e79a800 JavaThread "Timer-0" [_thread_blocked, id=5452, stack(0x000000000fbb0000,0x000000000fc30000)]
  0x000000005eadb800 JavaThread "EventMgr Dispatcher" daemon [_thread_in_native, id=6116, stack(0x0000000009a80000,0x000000000da80000)]
  0x000000000f9ef800 JavaThread "Low Memory Detector" daemon [_thread_blocked, id=6300, stack(0x000000000fe10000,0x000000000fe90000)]
  0x000000000f9e8000 JavaThread "CompilerThread1" daemon [_thread_blocked, id=4884, stack(0x0000000060a30000,0x0000000064a30000)]
  0x000000000f9e1000 JavaThread "CompilerThread0" daemon [_thread_blocked, id=8036, stack(0x000000005a5c0000,0x000000005e5c0000)]
  0x000000000f9df800 JavaThread "Attach Listener" daemon [_thread_blocked, id=4544, stack(0x000000000fd50000,0x000000000fdd0000)]
  0x000000000f987800 JavaThread "Finalizer" daemon [_thread_blocked, id=7848, stack(0x000000000fc70000,0x000000000fcf0000)]
  0x000000000f981800 JavaThread "Reference Handler" daemon [_thread_blocked, id=4468, stack(0x000000000e390000,0x000000000e410000)]
  0x0000000005d00000 JavaThread "main" [_thread_in_native, id=8676, stack(0x00000000001b0000,0x00000000041b0000)]

Other Threads:
  0x0000000005dbd000 VMThread [stack: 0x0000000055110000,0x0000000059110000] [id=9068]
  0x000000000fa13800 WatcherThread [stack: 0x000000006d930000,0x0000000071930000] [id=5204]

VM state:not at safepoint (normal execution)

VM Mutex/Monitor currently owned by a thread: None

Heap
 PSYoungGen      total 407872K, used 345069K [0x0000000218010000, 0x0000000231a10000, 0x0000000248010000)
  eden space 396800K, 86% used [0x0000000218010000,0x000000022cff4870,0x0000000230390000)
  from space 11072K, 10% used [0x0000000230390000,0x00000002304a6c98,0x0000000230e60000)
  to   space 10240K, 0% used [0x0000000231010000,0x0000000231010000,0x0000000231a10000)
 PSOldGen        total 280640K, used 184323K [0x0000000188010000, 0x0000000199220000, 0x0000000218010000)
  object space 280640K, 65% used [0x0000000188010000,0x0000000193410e58,0x0000000199220000)
 PSPermGen       total 113600K, used 72754K [0x0000000180010000, 0x0000000186f00000, 0x0000000188010000)
  object space 113600K, 64% used [0x0000000180010000,0x000000018471c938,0x0000000186f00000)

Dynamic libraries:
0x000000013f480000 - 0x000000013f4ad000 	C:\Program Files\MATLAB\R2012b\bin\win64\MATLAB.exe
0x0000000077040000 - 0x00000000771e9000 	C:\WINDOWS\SYSTEM32\ntdll.dll
0x0000000076f20000 - 0x000000007703f000 	C:\WINDOWS\system32\kernel32.dll
0x000007fefcf20000 - 0x000007fefcf8c000 	C:\WINDOWS\system32\KERNELBASE.dll
0x0000000074460000 - 0x000000007451f000 	C:\Program Files\MATLAB\R2012b\bin\win64\libut.dll
0x00000000758a0000 - 0x000000007595c000 	C:\Program Files\MATLAB\R2012b\bin\win64\libmwi18n.dll
0x0000000180000000 - 0x000000018000b000 	C:\Program Files\MATLAB\R2012b\bin\win64\libmwresource_core.dll
0x0000000072d20000 - 0x0000000072df3000 	C:\WINDOWS\WinSxS\amd64_microsoft.vc90.crt_1fc8b3b9a1e18e3b_9.0.30729.6161_none_08e61857a83bc251\MSVCP90.dll
0x00000000738c0000 - 0x0000000073963000 	C:\WINDOWS\WinSxS\amd64_microsoft.vc90.crt_1fc8b3b9a1e18e3b_9.0.30729.6161_none_08e61857a83bc251\MSVCR90.dll
0x000000007a170000 - 0x000000007a19c000 	C:\Program Files\MATLAB\R2012b\bin\win64\boost_filesystem-vc90-mt-1_44.dll
0x000000007a560000 - 0x000000007a569000 	C:\Program Files\MATLAB\R2012b\bin\win64\boost_system-vc90-mt-1_44.dll
0x000007fefd2c0000 - 0x000007fefd39b000 	C:\WINDOWS\system32\ADVAPI32.dll
0x000007fefeb00000 - 0x000007fefeb9f000 	C:\WINDOWS\system32\msvcrt.dll
0x000007feff330000 - 0x000007feff34f000 	C:\WINDOWS\SYSTEM32\sechost.dll
0x000007fefd3f0000 - 0x000007fefd51d000 	C:\WINDOWS\system32\RPCRT4.dll
0x000000007a010000 - 0x000000007a035000 	C:\Program Files\MATLAB\R2012b\bin\win64\LIBEXPAT.dll
0x0000000069a50000 - 0x0000000069c41000 	C:\Program Files\MATLAB\R2012b\bin\win64\icuin44.dll
0x0000000069cd0000 - 0x0000000069e41000 	C:\Program Files\MATLAB\R2012b\bin\win64\icuuc44.dll
0x0000000010000000 - 0x0000000010e41000 	C:\Program Files\MATLAB\R2012b\bin\win64\icudt44.dll
0x0000000073f70000 - 0x000000007411d000 	C:\Program Files\MATLAB\R2012b\bin\win64\libmwfl.dll
0x0000000004310000 - 0x00000000046c6000 	C:\Program Files\MATLAB\R2012b\bin\win64\libmwMATLAB_res.dll
0x000000007a3b0000 - 0x000000007a3c0000 	C:\Program Files\MATLAB\R2012b\bin\win64\boost_date_time-vc90-mt-1_44.dll
0x000000007a250000 - 0x000000007a263000 	C:\Program Files\MATLAB\R2012b\bin\win64\boost_signals-vc90-mt-1_44.dll
0x000000007a2d0000 - 0x000000007a2e2000 	C:\Program Files\MATLAB\R2012b\bin\win64\boost_thread-vc90-mt-1_44.dll
0x00000000046d0000 - 0x000000000478d000 	C:\Program Files\MATLAB\R2012b\bin\win64\boost_log-vc90-mt-1_44.dll
0x0000000077210000 - 0x0000000077217000 	C:\WINDOWS\system32\PSAPI.DLL
0x000007fefd3a0000 - 0x000007fefd3ed000 	C:\WINDOWS\system32\WS2_32.dll
0x000007fefe810000 - 0x000007fefe818000 	C:\WINDOWS\system32\NSI.dll
0x00000000041b0000 - 0x00000000041f6000 	C:\Program Files\MATLAB\R2012b\bin\win64\tbb.dll
0x000007feff0b0000 - 0x000007feff0c9000 	C:\WINDOWS\system32\imagehlp.dll
0x00000000738a0000 - 0x00000000738b3000 	C:\Program Files\MATLAB\R2012b\bin\win64\icuio44.dll
0x000007feee900000 - 0x000007feeea25000 	C:\WINDOWS\system32\dbghelp.dll
0x0000000076e20000 - 0x0000000076f1a000 	C:\WINDOWS\system32\USER32.dll
0x000007fefd520000 - 0x000007fefd587000 	C:\WINDOWS\system32\GDI32.dll
0x000007fefe820000 - 0x000007fefe82e000 	C:\WINDOWS\system32\LPK.dll
0x000007fefd7d0000 - 0x000007fefd899000 	C:\WINDOWS\system32\USP10.dll
0x0000000004790000 - 0x0000000004a6c000 	C:\Program Files\MATLAB\R2012b\bin\win64\libmwservices.dll
0x0000000075a20000 - 0x0000000075af3000 	C:\Program Files\MATLAB\R2012b\bin\win64\libmx.dll
0x0000000004a90000 - 0x0000000004ab9000 	C:\Program Files\MATLAB\R2012b\bin\win64\tbbmalloc.dll
0x000000007a210000 - 0x000000007a228000 	C:\Program Files\MATLAB\R2012b\bin\win64\zlib1.dll
0x0000000004ae0000 - 0x0000000004b2d000 	C:\Program Files\MATLAB\R2012b\bin\win64\libmwregexp.dll
0x0000000004b40000 - 0x0000000004b63000 	C:\Program Files\MATLAB\R2012b\bin\win64\libmwmfl_scalar.dll
0x0000000075f10000 - 0x0000000075f60000 	C:\Program Files\MATLAB\R2012b\bin\win64\mpath.dll
0x000000007b680000 - 0x000000007bc9a000 	C:\Program Files\MATLAB\R2012b\bin\win64\mlutil.dll
0x00000000754d0000 - 0x0000000075551000 	C:\Program Files\MATLAB\R2012b\bin\win64\xmlcore.dll
0x0000000004bb0000 - 0x0000000004e03000 	C:\Program Files\MATLAB\R2012b\bin\win64\xerces-c_2_7.dll
0x0000000004e20000 - 0x0000000004e40000 	C:\Program Files\MATLAB\R2012b\bin\win64\libmwMATLAB_settings_res.dll
0x0000000004e50000 - 0x0000000004e60000 	C:\Program Files\MATLAB\R2012b\bin\win64\boost_iostreams-vc90-mt-1_44.dll
0x0000000004e70000 - 0x0000000004eb7000 	C:\Program Files\MATLAB\R2012b\bin\win64\boost_serialization-vc90-mt-1_44.dll
0x000007fefd8a0000 - 0x000007fefe629000 	C:\WINDOWS\system32\SHELL32.dll
0x000007fefd590000 - 0x000007fefd601000 	C:\WINDOWS\system32\SHLWAPI.dll
0x000007fef6060000 - 0x000007fef6100000 	C:\WINDOWS\WinSxS\amd64_microsoft.windows.common-controls_6595b64144ccf1df_5.82.7601.18837_none_a4d981ff711297b6\COMCTL32.dll
0x000007fefeef0000 - 0x000007fefef87000 	C:\WINDOWS\system32\COMDLG32.dll
0x000007fefaf10000 - 0x000007fefaf26000 	C:\WINDOWS\system32\NETAPI32.dll
0x000007fefc260000 - 0x000007fefc26c000 	C:\WINDOWS\system32\netutils.dll
0x000007fefc8d0000 - 0x000007fefc8f3000 	C:\WINDOWS\system32\srvcli.dll
0x000007fefaef0000 - 0x000007fefaf05000 	C:\WINDOWS\system32\wkscli.dll
0x000007fefece0000 - 0x000007fefeee3000 	C:\WINDOWS\system32\ole32.dll
0x000007fefeba0000 - 0x000007fefec77000 	C:\WINDOWS\system32\OLEAUT32.dll
0x0000000074970000 - 0x0000000074a31000 	C:\Program Files\MATLAB\R2012b\bin\win64\mcr.dll
0x0000000075000000 - 0x00000000753e9000 	C:\Program Files\MATLAB\R2012b\bin\win64\iqm.dll
0x0000000074e80000 - 0x0000000074f38000 	C:\Program Files\MATLAB\R2012b\bin\win64\m_dispatcher.dll
0x0000000074880000 - 0x000000007496d000 	C:\Program Files\MATLAB\R2012b\bin\win64\boost_regex-vc90-mt-1_44.dll
0x000007feea610000 - 0x000007feeae81000 	C:\Program Files\MATLAB\R2012b\bin\win64\m_interpreter.dll
0x0000000073870000 - 0x0000000073897000 	C:\Program Files\MATLAB\R2012b\bin\win64\libmex.dll
0x00000000737e0000 - 0x0000000073864000 	C:\Program Files\MATLAB\R2012b\bin\win64\profiler.dll
0x0000000004f40000 - 0x00000000051aa000 	C:\Program Files\MATLAB\R2012b\bin\win64\libmwmathutil.dll
0x0000000079f40000 - 0x0000000079f6e000 	C:\Program Files\MATLAB\R2012b\bin\win64\libmwmathrng.dll
0x00000000051d0000 - 0x00000000051e2000 	C:\Program Files\MATLAB\R2012b\bin\win64\libmwmfl_rng.dll
0x0000000074c10000 - 0x0000000074cee000 	C:\Program Files\MATLAB\R2012b\bin\win64\libmwmathcore.dll
0x0000000076160000 - 0x00000000761ca000 	C:\Program Files\MATLAB\R2012b\bin\win64\libmwspmatrix.dll
0x0000000075ea0000 - 0x0000000075f02000 	C:\Program Files\MATLAB\R2012b\bin\win64\libmwcholmod.dll
0x000000007a460000 - 0x000000007a46d000 	C:\Program Files\MATLAB\R2012b\bin\win64\libmwamd.dll
0x000000007a4b0000 - 0x000000007a4bc000 	C:\Program Files\MATLAB\R2012b\bin\win64\libmwcolamd.dll
0x000000007a290000 - 0x000000007a2a9000 	C:\Program Files\MATLAB\R2012b\bin\win64\libmwblas.dll
0x000000007a310000 - 0x000000007a321000 	C:\Program Files\MATLAB\R2012b\bin\win64\libmwbinder.dll
0x000000007a4d0000 - 0x000000007a4dc000 	C:\Program Files\MATLAB\R2012b\bin\win64\libmwompwrapper.dll
0x0000000005280000 - 0x0000000005305000 	C:\Program Files\MATLAB\R2012b\bin\win64\libmwlapack.dll
0x0000000073780000 - 0x00000000737a1000 	C:\Program Files\MATLAB\R2012b\bin\win64\m_pcodeio.dll
0x0000000079b10000 - 0x0000000079b77000 	C:\Program Files\MATLAB\R2012b\bin\win64\m_ir.dll
0x00000000693e0000 - 0x0000000069a50000 	C:\Program Files\MATLAB\R2012b\bin\win64\m_parser.dll
0x0000000073980000 - 0x000000007399a000 	C:\Program Files\MATLAB\R2012b\bin\win64\ir_xfmr.dll
0x000007feebf20000 - 0x000007feec1b6000 	C:\Program Files\MATLAB\R2012b\bin\win64\mcos.dll
0x0000000073760000 - 0x0000000073771000 	C:\Program Files\MATLAB\R2012b\bin\win64\mtok.dll
0x0000000072270000 - 0x00000000722a1000 	C:\Program Files\MATLAB\R2012b\bin\win64\m_pcodegen.dll
0x0000000079fb0000 - 0x0000000079fe6000 	C:\Program Files\MATLAB\R2012b\bin\win64\libmwbridge.dll
0x0000000069310000 - 0x00000000693d8000 	C:\Program Files\MATLAB\R2012b\bin\win64\udd.dll
0x00000000691b0000 - 0x0000000069302000 	C:\Program Files\MATLAB\R2012b\bin\win64\libmwgui.dll
0x0000000073620000 - 0x0000000073637000 	C:\Program Files\MATLAB\R2012b\bin\win64\graphics_util.dll
0x00000000599c0000 - 0x000000005a41f000 	C:\Program Files\MATLAB\R2012b\bin\win64\hg.dll
0x00000000053e0000 - 0x0000000005448000 	C:\Program Files\MATLAB\R2012b\bin\win64\libmat.dll
0x0000000005460000 - 0x0000000005674000 	C:\Program Files\MATLAB\R2012b\bin\win64\hdf5dll.dll
0x0000000075710000 - 0x00000000757de000 	C:\Program Files\MATLAB\R2012b\bin\win64\jmi.dll
0x00000000056a0000 - 0x00000000056ad000 	C:\Program Files\MATLAB\R2012b\bin\win64\nativejava_services.dll
0x0000000072220000 - 0x0000000072266000 	C:\Program Files\MATLAB\R2012b\bin\win64\libmwhardcopy.dll
0x000000006b9a0000 - 0x000000006ba03000 	C:\Program Files\MATLAB\R2012b\bin\win64\libuij.dll
0x0000000066be0000 - 0x0000000066e44000 	C:\Program Files\MATLAB\R2012b\bin\win64\hgdatatypes.dll
0x0000000069090000 - 0x00000000691af000 	C:\Program Files\MATLAB\R2012b\bin\win64\hgutils.dll
0x000000006b3f0000 - 0x000000006b4b0000 	C:\Program Files\MATLAB\R2012b\bin\win64\udd_mi.dll
0x0000000005710000 - 0x000000000574b000 	C:\Program Files\MATLAB\R2012b\bin\win64\libmwgbtutils.dll
0x0000000005760000 - 0x000000000577b000 	C:\Program Files\MATLAB\R2012b\bin\win64\libmwgbt.dll
0x0000000005790000 - 0x0000000005a61000 	C:\Program Files\MATLAB\R2012b\bin\win64\uiw.dll
0x0000000073730000 - 0x000000007373f000 	C:\Program Files\MATLAB\R2012b\bin\win64\uinone.dll
0x0000000005a90000 - 0x0000000005ab9000 	C:\Program Files\MATLAB\R2012b\bin\win64\libmwnativefiledialogs.dll
0x0000000005ad0000 - 0x0000000005ad8000 	C:\Program Files\MATLAB\R2012b\bin\win64\libmwplatform_res.dll
0x000007fef61a0000 - 0x000007fef61b8000 	C:\WINDOWS\system32\MPR.dll
0x00000000604b0000 - 0x0000000060994000 	C:\WINDOWS\WinSxS\amd64_microsoft.vc90.mfc_1fc8b3b9a1e18e3b_9.0.30729.6161_none_044aad0bab1eb146\mfc90.dll
0x000007fef7200000 - 0x000007fef7207000 	C:\WINDOWS\system32\MSIMG32.dll
0x000007fef70f0000 - 0x000007fef7161000 	C:\WINDOWS\system32\WINSPOOL.DRV
0x0000000073060000 - 0x0000000073082000 	C:\Program Files\MATLAB\R2012b\bin\win64\mwoles05.DLL
0x000000006b7f0000 - 0x000000006b86d000 	C:\Program Files\MATLAB\R2012b\bin\win64\comcli.dll
0x000000006d7c0000 - 0x000000006d7ef000 	C:\WINDOWS\WinSxS\amd64_microsoft.vc90.atl_1fc8b3b9a1e18e3b_9.0.30729.6161_none_0a1fd3a3a768b895\ATL90.DLL
0x00000000737d0000 - 0x00000000737dc000 	C:\Program Files\MATLAB\R2012b\bin\win64\mlautoregister.dll
0x000007fefd610000 - 0x000007fefd63e000 	C:\WINDOWS\system32\IMM32.DLL
0x000007fefd1b0000 - 0x000007fefd2b9000 	C:\WINDOWS\system32\MSCTF.dll
0x000007fefb760000 - 0x000007fefb7b6000 	C:\WINDOWS\system32\UxTheme.dll
0x000007fefb200000 - 0x000007fefb218000 	C:\WINDOWS\system32\dwmapi.dll
0x0000000073610000 - 0x000000007361d000 	C:\WINDOWS\WinSxS\amd64_microsoft.vc90.mfcloc_1fc8b3b9a1e18e3b_9.0.30729.6161_none_01c9581e60cbee58\MFC90ENU.DLL
0x000007fefce00000 - 0x000007fefce0f000 	C:\WINDOWS\system32\profapi.dll
0x0000000005c80000 - 0x0000000005c8f000 	C:\Program Files\MATLAB\R2012b\bin\win64\xmlxrcsc.dll
0x000007fefcc90000 - 0x000007fefcc9f000 	C:\WINDOWS\system32\CRYPTBASE.dll
0x000007fefb7c0000 - 0x000007fefb9b4000 	C:\WINDOWS\WinSxS\amd64_microsoft.windows.common-controls_6595b64144ccf1df_6.0.7601.18837_none_fa3b1e3d17594757\comctl32.dll
0x000007fefe630000 - 0x000007fefe807000 	C:\WINDOWS\system32\SETUPAPI.dll
0x000007fefd140000 - 0x000007fefd176000 	C:\WINDOWS\system32\CFGMGR32.dll
0x000007fefcec0000 - 0x000007fefceda000 	C:\WINDOWS\system32\DEVOBJ.dll
0x000007feff010000 - 0x000007feff0a9000 	C:\WINDOWS\system32\CLBCatQ.DLL
0x000007fefb220000 - 0x000007fefb34c000 	C:\WINDOWS\system32\propsys.dll
0x000007fefbea0000 - 0x000007fefbecd000 	C:\WINDOWS\system32\ntmarta.dll

VM Arguments:
jvm_args: -Xss512k -XX:PermSize=32m -Xms64m -XX:NewRatio=3 -XX:MaxPermSize=128m -Xmx3071m -XX:MaxDirectMemorySize=2147400000 -Dsun.java2d.noddraw=true -Dsun.awt.nopixfmt=true -Xshare:off -Xrs -Dsun.awt.disableMixing=true -Djava.library.path=C:\Program Files\MATLAB\R2012b\bin\win64;C:\Program Files\MATLAB\R2012b\sys\jxbrowser\win64\lib vfprintf abort 
java_command: <unknown>
Launcher Type: generic

Environment Variables:
PATH=C:\ProgramData\Oracle\Java\javapath;C:\WINDOWS\system32;C:\WINDOWS;C:\WINDOWS\System32\Wbem;C:\WINDOWS\System32\WindowsPowerShell\v1.0\;C:\M1;C:\Program Files\MATLAB\R2012b\bin;C:\Program Files (x86)\MATLAB\R2011b\bin;C:\Program Files\MATLAB\R2010bSP1\bin;C:\Program Files\SlikSvn\bin;C:\Program Files (x86)\Skype\Phone\
USERNAME=a.doming
OS=Windows_NT
PROCESSOR_IDENTIFIER=Intel64 Family 6 Model 26 Stepping 5, GenuineIntel



---------------  S Y S T E M  ---------------

OS: Windows 7 Build 7601 Service Pack 1

CPU:total 4 (8 cores per cpu, 2 threads per core) family 6 model 26 stepping 5, cmov, cx8, fxsr, mmx, sse, sse2, sse3, ssse3, sse4.1, sse4.2, ht

Memory: 4k page, physical 12580408k(8756596k free), swap 25158976k(18381684k free)

vm_info: Java HotSpot(TM) 64-Bit Server VM (14.3-b01) for windows-amd64 JRE (1.6.0_17-b04), built on Oct 11 2009 00:46:08 by "java_re" with MS VC++ 8.0

time: Wed Aug 26 13:07:34 2015
elapsed time: 92564 seconds

